<?xml version="1.0" encoding="UTF-8"?>
<!-- Generated by org.testng.reporters.JUnitXMLReporter -->
<testsuite ignored="0" hostname="macs-MacBook-Pro.local" failures="1" tests="1" name="Surefire test" time="21.611" errors="0" timestamp="2021-10-24T02:56:31 PKT">
  <testcase classname="SampleTest" name="Demo_Patient_login" time="21.567">
    <failure type="java.lang.AssertionError" message="expected [plz enter valid user name and password] but found []">
      <![CDATA[java.lang.AssertionError: expected [plz enter valid user name and password] but found []
at SampleTest.Demo_Patient_login(SampleTest.java:109)
at java.base/java.util.ArrayList.forEach(ArrayList.java:1511)
... Removed 38 stack frames]]>
    </failure>
  </testcase> <!-- Demo_Patient_login -->
</testsuite> <!-- Surefire test -->
